<?xml version="1.0" encoding="UTF-8"?>
<testsuite xmlns:xsi="http://www.w3.org/2001/XMLSchema-instance" xsi:noNamespaceSchemaLocation="https://maven.apache.org/surefire/maven-surefire-plugin/xsd/surefire-test-report-3.0.xsd" version="3.0" name="ExtraTest" time="0.077" tests="5" errors="0" skipped="0" failures="0">
  <properties>
[...]
</properties>
  <testcase name="testNeliojuuriNegat" classname="ExtraTest" time="0.035"/>
  <testcase name="testNeliojuuri2" classname="ExtraTest" time="0.002"/>
  <testcase name="testNelio2" classname="ExtraTest" time="0.002"/>
  <testcase name="testNelio4" classname="ExtraTest" time="0.002"/>
  <testcase name="testNelio5" classname="ExtraTest" time="0.002"/>
</testsuite>